[2026-02-07T16:02:11.085Z] POST /login start
[2026-02-07T16:02:11.092Z] User fetched admin
[2026-02-07T16:02:11.173Z] Password compare true
[2026-02-07T16:03:35.045Z] POST /login start
[2026-02-07T16:03:35.045Z] User fetched admin
[2026-02-07T16:03:35.127Z] Password compare true
[2026-02-07T16:04:30.407Z] POST /login start
[2026-02-07T16:04:30.408Z] User fetched maman abdul asep
[2026-02-07T16:04:30.493Z] Password compare true
[2026-02-07T16:06:14.055Z] POST /login start
[2026-02-07T16:06:14.056Z] User fetched admin
[2026-02-07T16:06:14.142Z] Password compare true
[2026-02-09T11:52:34.434Z] POST /login start
[2026-02-09T11:52:34.435Z] User fetched admin
[2026-02-09T11:52:34.517Z] Password compare true
[2026-02-09T11:53:14.824Z] POST /login start
[2026-02-09T11:53:14.826Z] User fetched admin
[2026-02-09T11:53:14.943Z] Password compare true
[2026-02-09T12:00:27.401Z] POST /login start
[2026-02-09T12:00:27.402Z] User fetched maman abdul asep
[2026-02-09T12:00:27.480Z] Password compare true
[2026-02-09T12:15:43.358Z] POST /login start
[2026-02-09T12:15:43.358Z] User fetched admin
[2026-02-09T12:15:43.440Z] Password compare true
[2026-02-09T12:16:29.334Z] POST /login start
[2026-02-09T12:16:29.335Z] User fetched aa
[2026-02-09T12:16:29.417Z] Password compare true
